<?xml version="1.0" encoding="UTF-8"?>
<!-- Generated by org.testng.reporters.JUnitXMLReporter -->
<testsuite ignored="3" hostname="COG-SYS-053" failures="0" tests="3" name="ExpenseReport" time="273.529" errors="0" timestamp="2021-10-28T00:43:03 IST">
  <testcase classname="testcases.ProjectListingTest" name="addProjectWithDefaultTemplate" time="114.88"/>
  <testcase classname="testcases.ManageExpenseTest" name="addExpenseWithSubmitForApproval" time="41.254"/>
  <testcase classname="testcases.ExpenseReportTest" name="verifyExpenseReport" time="90.957"/>
  <testcase classname="testcases.ManageExpenseTest" name="addExpenseWithSaveAsDraft" time="0.0">
    <ignored/>
  </testcase> <!-- addExpenseWithSaveAsDraft -->
  <testcase classname="utils.WebTestBase" name="@AfterSuite close" time="0.0">
    <ignored/>
  </testcase> <!-- @AfterSuite close -->
  <testcase classname="utils.WebTestBase" name="@AfterSuite close" time="0.0">
    <ignored/>
  </testcase> <!-- @AfterSuite close -->
</testsuite> <!-- ExpenseReport -->
