<?xml version="1.0" encoding="UTF-8"?>
<!-- Generated by org.testng.reporters.JUnitXMLReporter -->
<testsuite ignored="9" hostname="COG-SYS-053" failures="0" tests="3" name="Reimbursements" time="230.344" errors="0" timestamp="2021-10-29T23:46:18 IST">
  <testcase classname="testcases.ManageExpenseTest" name="addExpenseWithSaveAsDraft" time="63.485"/>
  <testcase classname="testcases.ExpenseListingTest" name="verifySendForApprovalFunctionality" time="55.09"/>
  <testcase classname="testcases.ExpenseApprovalTest" name="verifyExpenseApproveFunctionality" time="86.445"/>
  <testcase classname="testcases.ExpenseListingTest" name="verifyEditExpenseFunctionality" time="0.0">
    <ignored/>
  </testcase> <!-- verifyEditExpenseFunctionality -->
  <testcase classname="testcases.ExpenseApprovalTest" name="verifyExpenseRejectFunctionality" time="0.0">
    <ignored/>
  </testcase> <!-- verifyExpenseRejectFunctionality -->
  <testcase classname="testcases.ExpenseListingTest" name="verifyFileAndButtonsFunctionality" time="0.0">
    <ignored/>
  </testcase> <!-- verifyFileAndButtonsFunctionality -->
  <testcase classname="testcases.ExpenseApprovalTest" name="verifyExpenseRejectByClient" time="0.0">
    <ignored/>
  </testcase> <!-- verifyExpenseRejectByClient -->
  <testcase classname="utils.WebTestBase" name="@AfterSuite close" time="0.0">
    <ignored/>
  </testcase> <!-- @AfterSuite close -->
  <testcase classname="utils.WebTestBase" name="@AfterSuite close" time="0.0">
    <ignored/>
  </testcase> <!-- @AfterSuite close -->
  <testcase classname="testcases.ExpenseApprovalTest" name="verifyExpenseApproveByClient" time="0.0">
    <ignored/>
  </testcase> <!-- verifyExpenseApproveByClient -->
  <testcase classname="testcases.ManageExpenseTest" name="addExpenseWithSubmitForApproval" time="0.0">
    <ignored/>
  </testcase> <!-- addExpenseWithSubmitForApproval -->
  <testcase classname="testcases.ExpenseListingTest" name="verifySearchFunctionality" time="0.0">
    <ignored/>
  </testcase> <!-- verifySearchFunctionality -->
</testsuite> <!-- Reimbursements -->
