<?xml version="1.0" encoding="UTF-8"?>
<!-- Generated by org.testng.reporters.JUnitXMLReporter -->
<testsuite ignored="8" hostname="COG-WIN-MAC03" failures="0" tests="14" name="Test" time="12.272" errors="0" timestamp="2023-01-25T17:49:28 IST">
  <testcase classname="utils.WebTestBase" name="@BeforeClass setUp" time="1.92">
    <failure type="org.openqa.selenium.SessionNotCreatedException" message="session not created: This version of ChromeDriver only supports Chrome version 107
Current browser version is 109.0.5414.120 with binary path C:\Program Files\Google\Chrome\Application\chrome.exe
Build info: version: &amp;apos;3.141.59&amp;apos;, revision: &amp;apos;e82be7d358&amp;apos;, time: &amp;apos;2018-11-14T08:17:03&amp;apos;
System info: host: &amp;apos;COG-WIN-MAC03&amp;apos;, ip: &amp;apos;192.168.0.167&amp;apos;, os.name: &amp;apos;Windows 10&amp;apos;, os.arch: &amp;apos;amd64&amp;apos;, os.version: &amp;apos;10.0&amp;apos;, java.version: &amp;apos;17.0.2&amp;apos;
Driver info: driver.version: ChromeDriver
remote stacktrace: Backtrace:
	Ordinal0 [0x0044ACD3+2075859]
	Ordinal0 [0x003DEE61+1633889]
	Ordinal0 [0x002DB7BD+571325]
	Ordinal0 [0x002FDFCD+712653]
	Ordinal0 [0x002F9266+692838]
	Ordinal0 [0x002F6BE9+682985]
	Ordinal0 [0x0032DBD3+908243]
	Ordinal0 [0x0032D6AA+906922]
	Ordinal0 [0x00327136+880950]
	Ordinal0 [0x002FFEFD+720637]
	Ordinal0 [0x00300F3F+724799]
	GetHandleVerifier [0x006FEED2+2769538]
	GetHandleVerifier [0x006F0D95+2711877]
	GetHandleVerifier [0x004DA03A+521194]
	GetHandleVerifier [0x004D8DA0+516432]
	Ordinal0 [0x003E682C+1665068]
	Ordinal0 [0x003EB128+1683752]
	Ordinal0 [0x003EB215+1683989]
	Ordinal0 [0x003F6484+1729668]
	BaseThreadInitThunk [0x77B7FA29+25]
	RtlGetAppContainerNamedObjectPath [0x77CC7C3E+286]
	RtlGetAppContainerNamedObjectPath [0x77CC7C0E+238]
">
      <![CDATA[org.openqa.selenium.SessionNotCreatedException: session not created: This version of ChromeDriver only supports Chrome version 107
Current browser version is 109.0.5414.120 with binary path C:\Program Files\Google\Chrome\Application\chrome.exe
Build info: version: '3.141.59', revision: 'e82be7d358', time: '2018-11-14T08:17:03'
System info: host: 'COG-WIN-MAC03', ip: '192.168.0.167', os.name: 'Windows 10', os.arch: 'amd64', os.version: '10.0', java.version: '17.0.2'
Driver info: driver.version: ChromeDriver
remote stacktrace: Backtrace:
Ordinal0 [0x0044ACD3+2075859]
Ordinal0 [0x003DEE61+1633889]
Ordinal0 [0x002DB7BD+571325]
Ordinal0 [0x002FDFCD+712653]
Ordinal0 [0x002F9266+692838]
Ordinal0 [0x002F6BE9+682985]
Ordinal0 [0x0032DBD3+908243]
Ordinal0 [0x0032D6AA+906922]
Ordinal0 [0x00327136+880950]
Ordinal0 [0x002FFEFD+720637]
Ordinal0 [0x00300F3F+724799]
GetHandleVerifier [0x006FEED2+2769538]
GetHandleVerifier [0x006F0D95+2711877]
GetHandleVerifier [0x004DA03A+521194]
GetHandleVerifier [0x004D8DA0+516432]
Ordinal0 [0x003E682C+1665068]
Ordinal0 [0x003EB128+1683752]
Ordinal0 [0x003EB215+1683989]
Ordinal0 [0x003F6484+1729668]
BaseThreadInitThunk [0x77B7FA29+25]
RtlGetAppContainerNamedObjectPath [0x77CC7C3E+286]
RtlGetAppContainerNamedObjectPath [0x77CC7C0E+238]

at org.openqa.selenium.remote.W3CHandshakeResponse.lambda$errorHandler$0(W3CHandshakeResponse.java:62)
at org.openqa.selenium.remote.HandshakeResponse.lambda$getResponseFunction$0(HandshakeResponse.java:30)
at org.openqa.selenium.remote.ProtocolHandshake.lambda$createSession$0(ProtocolHandshake.java:126)
at java.base/java.util.stream.ReferencePipeline$3$1.accept(ReferencePipeline.java:197)
at java.base/java.util.Spliterators$ArraySpliterator.tryAdvance(Spliterators.java:1002)
at java.base/java.util.stream.ReferencePipeline.forEachWithCancel(ReferencePipeline.java:129)
at java.base/java.util.stream.AbstractPipeline.copyIntoWithCancel(AbstractPipeline.java:527)
at java.base/java.util.stream.AbstractPipeline.copyInto(AbstractPipeline.java:513)
at java.base/java.util.stream.AbstractPipeline.wrapAndCopyInto(AbstractPipeline.java:499)
at java.base/java.util.stream.FindOps$FindOp.evaluateSequential(FindOps.java:150)
at java.base/java.util.stream.AbstractPipeline.evaluate(AbstractPipeline.java:234)
at java.base/java.util.stream.ReferencePipeline.findFirst(ReferencePipeline.java:647)
at org.openqa.selenium.remote.ProtocolHandshake.createSession(ProtocolHandshake.java:128)
at org.openqa.selenium.remote.ProtocolHandshake.createSession(ProtocolHandshake.java:74)
at org.openqa.selenium.remote.HttpCommandExecutor.execute(HttpCommandExecutor.java:136)
at org.openqa.selenium.remote.service.DriverCommandExecutor.execute(DriverCommandExecutor.java:83)
at org.openqa.selenium.remote.RemoteWebDriver.execute(RemoteWebDriver.java:552)
at org.openqa.selenium.remote.RemoteWebDriver.startSession(RemoteWebDriver.java:213)
at org.openqa.selenium.remote.RemoteWebDriver.<init>(RemoteWebDriver.java:131)
at org.openqa.selenium.chrome.ChromeDriver.<init>(ChromeDriver.java:181)
at org.openqa.selenium.chrome.ChromeDriver.<init>(ChromeDriver.java:168)
at org.openqa.selenium.chrome.ChromeDriver.<init>(ChromeDriver.java:123)
at utils.Drivers.getWebDriver(Drivers.java:92)
at utils.WebTestBase.setUp(WebTestBase.java:55)
at java.base/java.util.ArrayList.forEach(ArrayList.java:1511)
... Removed 30 stack frames]]>
    </failure>
  </testcase> <!-- @BeforeClass setUp -->
  <testcase classname="utils.WebTestBase" name="@BeforeMethod beforeMethod" time="-1.674649157891E9">
    <skipped/>
  </testcase> <!-- @BeforeMethod beforeMethod -->
  <testcase classname="utils.WebTestBase" name="@AfterMethod reportWrapUp" time="0.083">
    <failure type="java.lang.NullPointerException" message="Cannot invoke &amp;quot;org.openqa.selenium.TakesScreenshot.getScreenshotAs(org.openqa.selenium.OutputType)&amp;quot; because &amp;quot;utils.WebTestBase.driver&amp;quot; is null">
      <![CDATA[java.lang.NullPointerException: Cannot invoke "org.openqa.selenium.TakesScreenshot.getScreenshotAs(org.openqa.selenium.OutputType)" because "utils.WebTestBase.driver" is null
at utils.WebTestBase.reportWrapUp(WebTestBase.java:79)
at java.base/java.util.ArrayList.forEach(ArrayList.java:1511)
... Removed 32 stack frames]]>
    </failure>
  </testcase> <!-- @AfterMethod reportWrapUp -->
  <testcase classname="utils.WebTestBase" name="@BeforeClass setUp" time="1.123">
    <failure type="org.openqa.selenium.SessionNotCreatedException" message="session not created: This version of ChromeDriver only supports Chrome version 107
Current browser version is 109.0.5414.120 with binary path C:\Program Files\Google\Chrome\Application\chrome.exe
Build info: version: &amp;apos;3.141.59&amp;apos;, revision: &amp;apos;e82be7d358&amp;apos;, time: &amp;apos;2018-11-14T08:17:03&amp;apos;
System info: host: &amp;apos;COG-WIN-MAC03&amp;apos;, ip: &amp;apos;192.168.0.167&amp;apos;, os.name: &amp;apos;Windows 10&amp;apos;, os.arch: &amp;apos;amd64&amp;apos;, os.version: &amp;apos;10.0&amp;apos;, java.version: &amp;apos;17.0.2&amp;apos;
Driver info: driver.version: ChromeDriver
remote stacktrace: Backtrace:
	Ordinal0 [0x0044ACD3+2075859]
	Ordinal0 [0x003DEE61+1633889]
	Ordinal0 [0x002DB7BD+571325]
	Ordinal0 [0x002FDFCD+712653]
	Ordinal0 [0x002F9266+692838]
	Ordinal0 [0x002F6BE9+682985]
	Ordinal0 [0x0032DBD3+908243]
	Ordinal0 [0x0032D6AA+906922]
	Ordinal0 [0x00327136+880950]
	Ordinal0 [0x002FFEFD+720637]
	Ordinal0 [0x00300F3F+724799]
	GetHandleVerifier [0x006FEED2+2769538]
	GetHandleVerifier [0x006F0D95+2711877]
	GetHandleVerifier [0x004DA03A+521194]
	GetHandleVerifier [0x004D8DA0+516432]
	Ordinal0 [0x003E682C+1665068]
	Ordinal0 [0x003EB128+1683752]
	Ordinal0 [0x003EB215+1683989]
	Ordinal0 [0x003F6484+1729668]
	BaseThreadInitThunk [0x77B7FA29+25]
	RtlGetAppContainerNamedObjectPath [0x77CC7C3E+286]
	RtlGetAppContainerNamedObjectPath [0x77CC7C0E+238]
">
      <![CDATA[org.openqa.selenium.SessionNotCreatedException: session not created: This version of ChromeDriver only supports Chrome version 107
Current browser version is 109.0.5414.120 with binary path C:\Program Files\Google\Chrome\Application\chrome.exe
Build info: version: '3.141.59', revision: 'e82be7d358', time: '2018-11-14T08:17:03'
System info: host: 'COG-WIN-MAC03', ip: '192.168.0.167', os.name: 'Windows 10', os.arch: 'amd64', os.version: '10.0', java.version: '17.0.2'
Driver info: driver.version: ChromeDriver
remote stacktrace: Backtrace:
Ordinal0 [0x0044ACD3+2075859]
Ordinal0 [0x003DEE61+1633889]
Ordinal0 [0x002DB7BD+571325]
Ordinal0 [0x002FDFCD+712653]
Ordinal0 [0x002F9266+692838]
Ordinal0 [0x002F6BE9+682985]
Ordinal0 [0x0032DBD3+908243]
Ordinal0 [0x0032D6AA+906922]
Ordinal0 [0x00327136+880950]
Ordinal0 [0x002FFEFD+720637]
Ordinal0 [0x00300F3F+724799]
GetHandleVerifier [0x006FEED2+2769538]
GetHandleVerifier [0x006F0D95+2711877]
GetHandleVerifier [0x004DA03A+521194]
GetHandleVerifier [0x004D8DA0+516432]
Ordinal0 [0x003E682C+1665068]
Ordinal0 [0x003EB128+1683752]
Ordinal0 [0x003EB215+1683989]
Ordinal0 [0x003F6484+1729668]
BaseThreadInitThunk [0x77B7FA29+25]
RtlGetAppContainerNamedObjectPath [0x77CC7C3E+286]
RtlGetAppContainerNamedObjectPath [0x77CC7C0E+238]

at org.openqa.selenium.remote.W3CHandshakeResponse.lambda$errorHandler$0(W3CHandshakeResponse.java:62)
at org.openqa.selenium.remote.HandshakeResponse.lambda$getResponseFunction$0(HandshakeResponse.java:30)
at org.openqa.selenium.remote.ProtocolHandshake.lambda$createSession$0(ProtocolHandshake.java:126)
at java.base/java.util.stream.ReferencePipeline$3$1.accept(ReferencePipeline.java:197)
at java.base/java.util.Spliterators$ArraySpliterator.tryAdvance(Spliterators.java:1002)
at java.base/java.util.stream.ReferencePipeline.forEachWithCancel(ReferencePipeline.java:129)
at java.base/java.util.stream.AbstractPipeline.copyIntoWithCancel(AbstractPipeline.java:527)
at java.base/java.util.stream.AbstractPipeline.copyInto(AbstractPipeline.java:513)
at java.base/java.util.stream.AbstractPipeline.wrapAndCopyInto(AbstractPipeline.java:499)
at java.base/java.util.stream.FindOps$FindOp.evaluateSequential(FindOps.java:150)
at java.base/java.util.stream.AbstractPipeline.evaluate(AbstractPipeline.java:234)
at java.base/java.util.stream.ReferencePipeline.findFirst(ReferencePipeline.java:647)
at org.openqa.selenium.remote.ProtocolHandshake.createSession(ProtocolHandshake.java:128)
at org.openqa.selenium.remote.ProtocolHandshake.createSession(ProtocolHandshake.java:74)
at org.openqa.selenium.remote.HttpCommandExecutor.execute(HttpCommandExecutor.java:136)
at org.openqa.selenium.remote.service.DriverCommandExecutor.execute(DriverCommandExecutor.java:83)
at org.openqa.selenium.remote.RemoteWebDriver.execute(RemoteWebDriver.java:552)
at org.openqa.selenium.remote.RemoteWebDriver.startSession(RemoteWebDriver.java:213)
at org.openqa.selenium.remote.RemoteWebDriver.<init>(RemoteWebDriver.java:131)
at org.openqa.selenium.chrome.ChromeDriver.<init>(ChromeDriver.java:181)
at org.openqa.selenium.chrome.ChromeDriver.<init>(ChromeDriver.java:168)
at org.openqa.selenium.chrome.ChromeDriver.<init>(ChromeDriver.java:123)
at utils.Drivers.getWebDriver(Drivers.java:92)
at utils.WebTestBase.setUp(WebTestBase.java:55)
at java.base/java.util.ArrayList.forEach(ArrayList.java:1511)
... Removed 30 stack frames]]>
    </failure>
  </testcase> <!-- @BeforeClass setUp -->
  <testcase classname="utils.WebTestBase" name="@BeforeMethod beforeMethod" time="-1.674649159133E9">
    <skipped/>
  </testcase> <!-- @BeforeMethod beforeMethod -->
  <testcase classname="utils.WebTestBase" name="@AfterMethod reportWrapUp" time="0.001">
    <failure type="java.lang.NullPointerException" message="Cannot invoke &amp;quot;org.openqa.selenium.TakesScreenshot.getScreenshotAs(org.openqa.selenium.OutputType)&amp;quot; because &amp;quot;utils.WebTestBase.driver&amp;quot; is null">
      <![CDATA[java.lang.NullPointerException: Cannot invoke "org.openqa.selenium.TakesScreenshot.getScreenshotAs(org.openqa.selenium.OutputType)" because "utils.WebTestBase.driver" is null
at utils.WebTestBase.reportWrapUp(WebTestBase.java:79)
at java.base/java.util.ArrayList.forEach(ArrayList.java:1511)
... Removed 32 stack frames]]>
    </failure>
  </testcase> <!-- @AfterMethod reportWrapUp -->
  <testcase classname="utils.WebTestBase" name="@BeforeMethod beforeMethod" time="-1.67464915915E9">
    <skipped/>
  </testcase> <!-- @BeforeMethod beforeMethod -->
  <testcase classname="utils.WebTestBase" name="@AfterMethod reportWrapUp" time="0.002">
    <failure type="java.lang.NullPointerException" message="Cannot invoke &amp;quot;org.openqa.selenium.TakesScreenshot.getScreenshotAs(org.openqa.selenium.OutputType)&amp;quot; because &amp;quot;utils.WebTestBase.driver&amp;quot; is null">
      <![CDATA[java.lang.NullPointerException: Cannot invoke "org.openqa.selenium.TakesScreenshot.getScreenshotAs(org.openqa.selenium.OutputType)" because "utils.WebTestBase.driver" is null
at utils.WebTestBase.reportWrapUp(WebTestBase.java:79)
at java.base/java.util.ArrayList.forEach(ArrayList.java:1511)
... Removed 32 stack frames]]>
    </failure>
  </testcase> <!-- @AfterMethod reportWrapUp -->
  <testcase classname="utils.WebTestBase" name="@BeforeClass setUp" time="1.282">
    <failure type="org.openqa.selenium.SessionNotCreatedException" message="session not created: This version of ChromeDriver only supports Chrome version 107
Current browser version is 109.0.5414.120 with binary path C:\Program Files\Google\Chrome\Application\chrome.exe
Build info: version: &amp;apos;3.141.59&amp;apos;, revision: &amp;apos;e82be7d358&amp;apos;, time: &amp;apos;2018-11-14T08:17:03&amp;apos;
System info: host: &amp;apos;COG-WIN-MAC03&amp;apos;, ip: &amp;apos;192.168.0.167&amp;apos;, os.name: &amp;apos;Windows 10&amp;apos;, os.arch: &amp;apos;amd64&amp;apos;, os.version: &amp;apos;10.0&amp;apos;, java.version: &amp;apos;17.0.2&amp;apos;
Driver info: driver.version: ChromeDriver
remote stacktrace: Backtrace:
	Ordinal0 [0x0044ACD3+2075859]
	Ordinal0 [0x003DEE61+1633889]
	Ordinal0 [0x002DB7BD+571325]
	Ordinal0 [0x002FDFCD+712653]
	Ordinal0 [0x002F9266+692838]
	Ordinal0 [0x002F6BE9+682985]
	Ordinal0 [0x0032DBD3+908243]
	Ordinal0 [0x0032D6AA+906922]
	Ordinal0 [0x00327136+880950]
	Ordinal0 [0x002FFEFD+720637]
	Ordinal0 [0x00300F3F+724799]
	GetHandleVerifier [0x006FEED2+2769538]
	GetHandleVerifier [0x006F0D95+2711877]
	GetHandleVerifier [0x004DA03A+521194]
	GetHandleVerifier [0x004D8DA0+516432]
	Ordinal0 [0x003E682C+1665068]
	Ordinal0 [0x003EB128+1683752]
	Ordinal0 [0x003EB215+1683989]
	Ordinal0 [0x003F6484+1729668]
	BaseThreadInitThunk [0x77B7FA29+25]
	RtlGetAppContainerNamedObjectPath [0x77CC7C3E+286]
	RtlGetAppContainerNamedObjectPath [0x77CC7C0E+238]
">
      <![CDATA[org.openqa.selenium.SessionNotCreatedException: session not created: This version of ChromeDriver only supports Chrome version 107
Current browser version is 109.0.5414.120 with binary path C:\Program Files\Google\Chrome\Application\chrome.exe
Build info: version: '3.141.59', revision: 'e82be7d358', time: '2018-11-14T08:17:03'
System info: host: 'COG-WIN-MAC03', ip: '192.168.0.167', os.name: 'Windows 10', os.arch: 'amd64', os.version: '10.0', java.version: '17.0.2'
Driver info: driver.version: ChromeDriver
remote stacktrace: Backtrace:
Ordinal0 [0x0044ACD3+2075859]
Ordinal0 [0x003DEE61+1633889]
Ordinal0 [0x002DB7BD+571325]
Ordinal0 [0x002FDFCD+712653]
Ordinal0 [0x002F9266+692838]
Ordinal0 [0x002F6BE9+682985]
Ordinal0 [0x0032DBD3+908243]
Ordinal0 [0x0032D6AA+906922]
Ordinal0 [0x00327136+880950]
Ordinal0 [0x002FFEFD+720637]
Ordinal0 [0x00300F3F+724799]
GetHandleVerifier [0x006FEED2+2769538]
GetHandleVerifier [0x006F0D95+2711877]
GetHandleVerifier [0x004DA03A+521194]
GetHandleVerifier [0x004D8DA0+516432]
Ordinal0 [0x003E682C+1665068]
Ordinal0 [0x003EB128+1683752]
Ordinal0 [0x003EB215+1683989]
Ordinal0 [0x003F6484+1729668]
BaseThreadInitThunk [0x77B7FA29+25]
RtlGetAppContainerNamedObjectPath [0x77CC7C3E+286]
RtlGetAppContainerNamedObjectPath [0x77CC7C0E+238]

at org.openqa.selenium.remote.W3CHandshakeResponse.lambda$errorHandler$0(W3CHandshakeResponse.java:62)
at org.openqa.selenium.remote.HandshakeResponse.lambda$getResponseFunction$0(HandshakeResponse.java:30)
at org.openqa.selenium.remote.ProtocolHandshake.lambda$createSession$0(ProtocolHandshake.java:126)
at java.base/java.util.stream.ReferencePipeline$3$1.accept(ReferencePipeline.java:197)
at java.base/java.util.Spliterators$ArraySpliterator.tryAdvance(Spliterators.java:1002)
at java.base/java.util.stream.ReferencePipeline.forEachWithCancel(ReferencePipeline.java:129)
at java.base/java.util.stream.AbstractPipeline.copyIntoWithCancel(AbstractPipeline.java:527)
at java.base/java.util.stream.AbstractPipeline.copyInto(AbstractPipeline.java:513)
at java.base/java.util.stream.AbstractPipeline.wrapAndCopyInto(AbstractPipeline.java:499)
at java.base/java.util.stream.FindOps$FindOp.evaluateSequential(FindOps.java:150)
at java.base/java.util.stream.AbstractPipeline.evaluate(AbstractPipeline.java:234)
at java.base/java.util.stream.ReferencePipeline.findFirst(ReferencePipeline.java:647)
at org.openqa.selenium.remote.ProtocolHandshake.createSession(ProtocolHandshake.java:128)
at org.openqa.selenium.remote.ProtocolHandshake.createSession(ProtocolHandshake.java:74)
at org.openqa.selenium.remote.HttpCommandExecutor.execute(HttpCommandExecutor.java:136)
at org.openqa.selenium.remote.service.DriverCommandExecutor.execute(DriverCommandExecutor.java:83)
at org.openqa.selenium.remote.RemoteWebDriver.execute(RemoteWebDriver.java:552)
at org.openqa.selenium.remote.RemoteWebDriver.startSession(RemoteWebDriver.java:213)
at org.openqa.selenium.remote.RemoteWebDriver.<init>(RemoteWebDriver.java:131)
at org.openqa.selenium.chrome.ChromeDriver.<init>(ChromeDriver.java:181)
at org.openqa.selenium.chrome.ChromeDriver.<init>(ChromeDriver.java:168)
at org.openqa.selenium.chrome.ChromeDriver.<init>(ChromeDriver.java:123)
at utils.Drivers.getWebDriver(Drivers.java:92)
at utils.WebTestBase.setUp(WebTestBase.java:55)
at java.base/java.util.ArrayList.forEach(ArrayList.java:1511)
... Removed 30 stack frames]]>
    </failure>
  </testcase> <!-- @BeforeClass setUp -->
  <testcase classname="utils.WebTestBase" name="@BeforeMethod beforeMethod" time="-1.674649160453E9">
    <skipped/>
  </testcase> <!-- @BeforeMethod beforeMethod -->
  <testcase classname="utils.WebTestBase" name="@AfterMethod reportWrapUp" time="0.001">
    <failure type="java.lang.NullPointerException" message="Cannot invoke &amp;quot;org.openqa.selenium.TakesScreenshot.getScreenshotAs(org.openqa.selenium.OutputType)&amp;quot; because &amp;quot;utils.WebTestBase.driver&amp;quot; is null">
      <![CDATA[java.lang.NullPointerException: Cannot invoke "org.openqa.selenium.TakesScreenshot.getScreenshotAs(org.openqa.selenium.OutputType)" because "utils.WebTestBase.driver" is null
at utils.WebTestBase.reportWrapUp(WebTestBase.java:79)
at java.base/java.util.ArrayList.forEach(ArrayList.java:1511)
... Removed 32 stack frames]]>
    </failure>
  </testcase> <!-- @AfterMethod reportWrapUp -->
  <testcase classname="utils.WebTestBase" name="@BeforeMethod beforeMethod" time="-1.674649160467E9">
    <skipped/>
  </testcase> <!-- @BeforeMethod beforeMethod -->
  <testcase classname="utils.WebTestBase" name="@AfterMethod reportWrapUp" time="0.005">
    <failure type="java.lang.NullPointerException" message="Cannot invoke &amp;quot;org.openqa.selenium.TakesScreenshot.getScreenshotAs(org.openqa.selenium.OutputType)&amp;quot; because &amp;quot;utils.WebTestBase.driver&amp;quot; is null">
      <![CDATA[java.lang.NullPointerException: Cannot invoke "org.openqa.selenium.TakesScreenshot.getScreenshotAs(org.openqa.selenium.OutputType)" because "utils.WebTestBase.driver" is null
at utils.WebTestBase.reportWrapUp(WebTestBase.java:79)
at java.base/java.util.ArrayList.forEach(ArrayList.java:1511)
... Removed 32 stack frames]]>
    </failure>
  </testcase> <!-- @AfterMethod reportWrapUp -->
  <testcase classname="utils.WebTestBase" name="@BeforeClass setUp" time="1.321">
    <failure type="org.openqa.selenium.SessionNotCreatedException" message="session not created: This version of ChromeDriver only supports Chrome version 107
Current browser version is 109.0.5414.120 with binary path C:\Program Files\Google\Chrome\Application\chrome.exe
Build info: version: &amp;apos;3.141.59&amp;apos;, revision: &amp;apos;e82be7d358&amp;apos;, time: &amp;apos;2018-11-14T08:17:03&amp;apos;
System info: host: &amp;apos;COG-WIN-MAC03&amp;apos;, ip: &amp;apos;192.168.0.167&amp;apos;, os.name: &amp;apos;Windows 10&amp;apos;, os.arch: &amp;apos;amd64&amp;apos;, os.version: &amp;apos;10.0&amp;apos;, java.version: &amp;apos;17.0.2&amp;apos;
Driver info: driver.version: ChromeDriver
remote stacktrace: Backtrace:
	Ordinal0 [0x0044ACD3+2075859]
	Ordinal0 [0x003DEE61+1633889]
	Ordinal0 [0x002DB7BD+571325]
	Ordinal0 [0x002FDFCD+712653]
	Ordinal0 [0x002F9266+692838]
	Ordinal0 [0x002F6BE9+682985]
	Ordinal0 [0x0032DBD3+908243]
	Ordinal0 [0x0032D6AA+906922]
	Ordinal0 [0x00327136+880950]
	Ordinal0 [0x002FFEFD+720637]
	Ordinal0 [0x00300F3F+724799]
	GetHandleVerifier [0x006FEED2+2769538]
	GetHandleVerifier [0x006F0D95+2711877]
	GetHandleVerifier [0x004DA03A+521194]
	GetHandleVerifier [0x004D8DA0+516432]
	Ordinal0 [0x003E682C+1665068]
	Ordinal0 [0x003EB128+1683752]
	Ordinal0 [0x003EB215+1683989]
	Ordinal0 [0x003F6484+1729668]
	BaseThreadInitThunk [0x77B7FA29+25]
	RtlGetAppContainerNamedObjectPath [0x77CC7C3E+286]
	RtlGetAppContainerNamedObjectPath [0x77CC7C0E+238]
">
      <![CDATA[org.openqa.selenium.SessionNotCreatedException: session not created: This version of ChromeDriver only supports Chrome version 107
Current browser version is 109.0.5414.120 with binary path C:\Program Files\Google\Chrome\Application\chrome.exe
Build info: version: '3.141.59', revision: 'e82be7d358', time: '2018-11-14T08:17:03'
System info: host: 'COG-WIN-MAC03', ip: '192.168.0.167', os.name: 'Windows 10', os.arch: 'amd64', os.version: '10.0', java.version: '17.0.2'
Driver info: driver.version: ChromeDriver
remote stacktrace: Backtrace:
Ordinal0 [0x0044ACD3+2075859]
Ordinal0 [0x003DEE61+1633889]
Ordinal0 [0x002DB7BD+571325]
Ordinal0 [0x002FDFCD+712653]
Ordinal0 [0x002F9266+692838]
Ordinal0 [0x002F6BE9+682985]
Ordinal0 [0x0032DBD3+908243]
Ordinal0 [0x0032D6AA+906922]
Ordinal0 [0x00327136+880950]
Ordinal0 [0x002FFEFD+720637]
Ordinal0 [0x00300F3F+724799]
GetHandleVerifier [0x006FEED2+2769538]
GetHandleVerifier [0x006F0D95+2711877]
GetHandleVerifier [0x004DA03A+521194]
GetHandleVerifier [0x004D8DA0+516432]
Ordinal0 [0x003E682C+1665068]
Ordinal0 [0x003EB128+1683752]
Ordinal0 [0x003EB215+1683989]
Ordinal0 [0x003F6484+1729668]
BaseThreadInitThunk [0x77B7FA29+25]
RtlGetAppContainerNamedObjectPath [0x77CC7C3E+286]
RtlGetAppContainerNamedObjectPath [0x77CC7C0E+238]

at org.openqa.selenium.remote.W3CHandshakeResponse.lambda$errorHandler$0(W3CHandshakeResponse.java:62)
at org.openqa.selenium.remote.HandshakeResponse.lambda$getResponseFunction$0(HandshakeResponse.java:30)
at org.openqa.selenium.remote.ProtocolHandshake.lambda$createSession$0(ProtocolHandshake.java:126)
at java.base/java.util.stream.ReferencePipeline$3$1.accept(ReferencePipeline.java:197)
at java.base/java.util.Spliterators$ArraySpliterator.tryAdvance(Spliterators.java:1002)
at java.base/java.util.stream.ReferencePipeline.forEachWithCancel(ReferencePipeline.java:129)
at java.base/java.util.stream.AbstractPipeline.copyIntoWithCancel(AbstractPipeline.java:527)
at java.base/java.util.stream.AbstractPipeline.copyInto(AbstractPipeline.java:513)
at java.base/java.util.stream.AbstractPipeline.wrapAndCopyInto(AbstractPipeline.java:499)
at java.base/java.util.stream.FindOps$FindOp.evaluateSequential(FindOps.java:150)
at java.base/java.util.stream.AbstractPipeline.evaluate(AbstractPipeline.java:234)
at java.base/java.util.stream.ReferencePipeline.findFirst(ReferencePipeline.java:647)
at org.openqa.selenium.remote.ProtocolHandshake.createSession(ProtocolHandshake.java:128)
at org.openqa.selenium.remote.ProtocolHandshake.createSession(ProtocolHandshake.java:74)
at org.openqa.selenium.remote.HttpCommandExecutor.execute(HttpCommandExecutor.java:136)
at org.openqa.selenium.remote.service.DriverCommandExecutor.execute(DriverCommandExecutor.java:83)
at org.openqa.selenium.remote.RemoteWebDriver.execute(RemoteWebDriver.java:552)
at org.openqa.selenium.remote.RemoteWebDriver.startSession(RemoteWebDriver.java:213)
at org.openqa.selenium.remote.RemoteWebDriver.<init>(RemoteWebDriver.java:131)
at org.openqa.selenium.chrome.ChromeDriver.<init>(ChromeDriver.java:181)
at org.openqa.selenium.chrome.ChromeDriver.<init>(ChromeDriver.java:168)
at org.openqa.selenium.chrome.ChromeDriver.<init>(ChromeDriver.java:123)
at utils.Drivers.getWebDriver(Drivers.java:92)
at utils.WebTestBase.setUp(WebTestBase.java:55)
at java.base/java.util.ArrayList.forEach(ArrayList.java:1511)
... Removed 30 stack frames]]>
    </failure>
  </testcase> <!-- @BeforeClass setUp -->
  <testcase classname="utils.WebTestBase" name="@BeforeMethod beforeMethod" time="-1.674649161807E9">
    <skipped/>
  </testcase> <!-- @BeforeMethod beforeMethod -->
  <testcase classname="utils.WebTestBase" name="@AfterMethod reportWrapUp" time="0.002">
    <failure type="java.lang.NullPointerException" message="Cannot invoke &amp;quot;org.openqa.selenium.TakesScreenshot.getScreenshotAs(org.openqa.selenium.OutputType)&amp;quot; because &amp;quot;utils.WebTestBase.driver&amp;quot; is null">
      <![CDATA[java.lang.NullPointerException: Cannot invoke "org.openqa.selenium.TakesScreenshot.getScreenshotAs(org.openqa.selenium.OutputType)" because "utils.WebTestBase.driver" is null
at utils.WebTestBase.reportWrapUp(WebTestBase.java:79)
at java.base/java.util.ArrayList.forEach(ArrayList.java:1511)
... Removed 32 stack frames]]>
    </failure>
  </testcase> <!-- @AfterMethod reportWrapUp -->
  <testcase classname="utils.WebTestBase" name="@BeforeMethod beforeMethod" time="-1.674649161825E9">
    <skipped/>
  </testcase> <!-- @BeforeMethod beforeMethod -->
  <testcase classname="utils.WebTestBase" name="@AfterMethod reportWrapUp" time="0.001">
    <failure type="java.lang.NullPointerException" message="Cannot invoke &amp;quot;org.openqa.selenium.TakesScreenshot.getScreenshotAs(org.openqa.selenium.OutputType)&amp;quot; because &amp;quot;utils.WebTestBase.driver&amp;quot; is null">
      <![CDATA[java.lang.NullPointerException: Cannot invoke "org.openqa.selenium.TakesScreenshot.getScreenshotAs(org.openqa.selenium.OutputType)" because "utils.WebTestBase.driver" is null
at utils.WebTestBase.reportWrapUp(WebTestBase.java:79)
at java.base/java.util.ArrayList.forEach(ArrayList.java:1511)
... Removed 32 stack frames]]>
    </failure>
  </testcase> <!-- @AfterMethod reportWrapUp -->
  <testcase classname="utils.WebTestBase" name="@BeforeClass setUp" time="1.228">
    <failure type="org.openqa.selenium.SessionNotCreatedException" message="session not created: This version of ChromeDriver only supports Chrome version 107
Current browser version is 109.0.5414.120 with binary path C:\Program Files\Google\Chrome\Application\chrome.exe
Build info: version: &amp;apos;3.141.59&amp;apos;, revision: &amp;apos;e82be7d358&amp;apos;, time: &amp;apos;2018-11-14T08:17:03&amp;apos;
System info: host: &amp;apos;COG-WIN-MAC03&amp;apos;, ip: &amp;apos;192.168.0.167&amp;apos;, os.name: &amp;apos;Windows 10&amp;apos;, os.arch: &amp;apos;amd64&amp;apos;, os.version: &amp;apos;10.0&amp;apos;, java.version: &amp;apos;17.0.2&amp;apos;
Driver info: driver.version: ChromeDriver
remote stacktrace: Backtrace:
	Ordinal0 [0x0044ACD3+2075859]
	Ordinal0 [0x003DEE61+1633889]
	Ordinal0 [0x002DB7BD+571325]
	Ordinal0 [0x002FDFCD+712653]
	Ordinal0 [0x002F9266+692838]
	Ordinal0 [0x002F6BE9+682985]
	Ordinal0 [0x0032DBD3+908243]
	Ordinal0 [0x0032D6AA+906922]
	Ordinal0 [0x00327136+880950]
	Ordinal0 [0x002FFEFD+720637]
	Ordinal0 [0x00300F3F+724799]
	GetHandleVerifier [0x006FEED2+2769538]
	GetHandleVerifier [0x006F0D95+2711877]
	GetHandleVerifier [0x004DA03A+521194]
	GetHandleVerifier [0x004D8DA0+516432]
	Ordinal0 [0x003E682C+1665068]
	Ordinal0 [0x003EB128+1683752]
	Ordinal0 [0x003EB215+1683989]
	Ordinal0 [0x003F6484+1729668]
	BaseThreadInitThunk [0x77B7FA29+25]
	RtlGetAppContainerNamedObjectPath [0x77CC7C3E+286]
	RtlGetAppContainerNamedObjectPath [0x77CC7C0E+238]
">
      <![CDATA[org.openqa.selenium.SessionNotCreatedException: session not created: This version of ChromeDriver only supports Chrome version 107
Current browser version is 109.0.5414.120 with binary path C:\Program Files\Google\Chrome\Application\chrome.exe
Build info: version: '3.141.59', revision: 'e82be7d358', time: '2018-11-14T08:17:03'
System info: host: 'COG-WIN-MAC03', ip: '192.168.0.167', os.name: 'Windows 10', os.arch: 'amd64', os.version: '10.0', java.version: '17.0.2'
Driver info: driver.version: ChromeDriver
remote stacktrace: Backtrace:
Ordinal0 [0x0044ACD3+2075859]
Ordinal0 [0x003DEE61+1633889]
Ordinal0 [0x002DB7BD+571325]
Ordinal0 [0x002FDFCD+712653]
Ordinal0 [0x002F9266+692838]
Ordinal0 [0x002F6BE9+682985]
Ordinal0 [0x0032DBD3+908243]
Ordinal0 [0x0032D6AA+906922]
Ordinal0 [0x00327136+880950]
Ordinal0 [0x002FFEFD+720637]
Ordinal0 [0x00300F3F+724799]
GetHandleVerifier [0x006FEED2+2769538]
GetHandleVerifier [0x006F0D95+2711877]
GetHandleVerifier [0x004DA03A+521194]
GetHandleVerifier [0x004D8DA0+516432]
Ordinal0 [0x003E682C+1665068]
Ordinal0 [0x003EB128+1683752]
Ordinal0 [0x003EB215+1683989]
Ordinal0 [0x003F6484+1729668]
BaseThreadInitThunk [0x77B7FA29+25]
RtlGetAppContainerNamedObjectPath [0x77CC7C3E+286]
RtlGetAppContainerNamedObjectPath [0x77CC7C0E+238]

at org.openqa.selenium.remote.W3CHandshakeResponse.lambda$errorHandler$0(W3CHandshakeResponse.java:62)
at org.openqa.selenium.remote.HandshakeResponse.lambda$getResponseFunction$0(HandshakeResponse.java:30)
at org.openqa.selenium.remote.ProtocolHandshake.lambda$createSession$0(ProtocolHandshake.java:126)
at java.base/java.util.stream.ReferencePipeline$3$1.accept(ReferencePipeline.java:197)
at java.base/java.util.Spliterators$ArraySpliterator.tryAdvance(Spliterators.java:1002)
at java.base/java.util.stream.ReferencePipeline.forEachWithCancel(ReferencePipeline.java:129)
at java.base/java.util.stream.AbstractPipeline.copyIntoWithCancel(AbstractPipeline.java:527)
at java.base/java.util.stream.AbstractPipeline.copyInto(AbstractPipeline.java:513)
at java.base/java.util.stream.AbstractPipeline.wrapAndCopyInto(AbstractPipeline.java:499)
at java.base/java.util.stream.FindOps$FindOp.evaluateSequential(FindOps.java:150)
at java.base/java.util.stream.AbstractPipeline.evaluate(AbstractPipeline.java:234)
at java.base/java.util.stream.ReferencePipeline.findFirst(ReferencePipeline.java:647)
at org.openqa.selenium.remote.ProtocolHandshake.createSession(ProtocolHandshake.java:128)
at org.openqa.selenium.remote.ProtocolHandshake.createSession(ProtocolHandshake.java:74)
at org.openqa.selenium.remote.HttpCommandExecutor.execute(HttpCommandExecutor.java:136)
at org.openqa.selenium.remote.service.DriverCommandExecutor.execute(DriverCommandExecutor.java:83)
at org.openqa.selenium.remote.RemoteWebDriver.execute(RemoteWebDriver.java:552)
at org.openqa.selenium.remote.RemoteWebDriver.startSession(RemoteWebDriver.java:213)
at org.openqa.selenium.remote.RemoteWebDriver.<init>(RemoteWebDriver.java:131)
at org.openqa.selenium.chrome.ChromeDriver.<init>(ChromeDriver.java:181)
at org.openqa.selenium.chrome.ChromeDriver.<init>(ChromeDriver.java:168)
at org.openqa.selenium.chrome.ChromeDriver.<init>(ChromeDriver.java:123)
at utils.Drivers.getWebDriver(Drivers.java:92)
at utils.WebTestBase.setUp(WebTestBase.java:55)
at java.base/java.util.ArrayList.forEach(ArrayList.java:1511)
... Removed 30 stack frames]]>
    </failure>
  </testcase> <!-- @BeforeClass setUp -->
  <testcase classname="utils.WebTestBase" name="@BeforeMethod beforeMethod" time="-1.674649163068E9">
    <skipped/>
  </testcase> <!-- @BeforeMethod beforeMethod -->
  <testcase classname="utils.WebTestBase" name="@AfterMethod reportWrapUp" time="0.001">
    <failure type="java.lang.NullPointerException" message="Cannot invoke &amp;quot;org.openqa.selenium.TakesScreenshot.getScreenshotAs(org.openqa.selenium.OutputType)&amp;quot; because &amp;quot;utils.WebTestBase.driver&amp;quot; is null">
      <![CDATA[java.lang.NullPointerException: Cannot invoke "org.openqa.selenium.TakesScreenshot.getScreenshotAs(org.openqa.selenium.OutputType)" because "utils.WebTestBase.driver" is null
at utils.WebTestBase.reportWrapUp(WebTestBase.java:79)
at java.base/java.util.ArrayList.forEach(ArrayList.java:1511)
... Removed 32 stack frames]]>
    </failure>
  </testcase> <!-- @AfterMethod reportWrapUp -->
  <testcase classname="utils.WebTestBase" name="@BeforeClass setUp" time="1.308">
    <failure type="org.openqa.selenium.SessionNotCreatedException" message="session not created: This version of ChromeDriver only supports Chrome version 107
Current browser version is 109.0.5414.120 with binary path C:\Program Files\Google\Chrome\Application\chrome.exe
Build info: version: &amp;apos;3.141.59&amp;apos;, revision: &amp;apos;e82be7d358&amp;apos;, time: &amp;apos;2018-11-14T08:17:03&amp;apos;
System info: host: &amp;apos;COG-WIN-MAC03&amp;apos;, ip: &amp;apos;192.168.0.167&amp;apos;, os.name: &amp;apos;Windows 10&amp;apos;, os.arch: &amp;apos;amd64&amp;apos;, os.version: &amp;apos;10.0&amp;apos;, java.version: &amp;apos;17.0.2&amp;apos;
Driver info: driver.version: ChromeDriver
remote stacktrace: Backtrace:
	Ordinal0 [0x0044ACD3+2075859]
	Ordinal0 [0x003DEE61+1633889]
	Ordinal0 [0x002DB7BD+571325]
	Ordinal0 [0x002FDFCD+712653]
	Ordinal0 [0x002F9266+692838]
	Ordinal0 [0x002F6BE9+682985]
	Ordinal0 [0x0032DBD3+908243]
	Ordinal0 [0x0032D6AA+906922]
	Ordinal0 [0x00327136+880950]
	Ordinal0 [0x002FFEFD+720637]
	Ordinal0 [0x00300F3F+724799]
	GetHandleVerifier [0x006FEED2+2769538]
	GetHandleVerifier [0x006F0D95+2711877]
	GetHandleVerifier [0x004DA03A+521194]
	GetHandleVerifier [0x004D8DA0+516432]
	Ordinal0 [0x003E682C+1665068]
	Ordinal0 [0x003EB128+1683752]
	Ordinal0 [0x003EB215+1683989]
	Ordinal0 [0x003F6484+1729668]
	BaseThreadInitThunk [0x77B7FA29+25]
	RtlGetAppContainerNamedObjectPath [0x77CC7C3E+286]
	RtlGetAppContainerNamedObjectPath [0x77CC7C0E+238]
">
      <![CDATA[org.openqa.selenium.SessionNotCreatedException: session not created: This version of ChromeDriver only supports Chrome version 107
Current browser version is 109.0.5414.120 with binary path C:\Program Files\Google\Chrome\Application\chrome.exe
Build info: version: '3.141.59', revision: 'e82be7d358', time: '2018-11-14T08:17:03'
System info: host: 'COG-WIN-MAC03', ip: '192.168.0.167', os.name: 'Windows 10', os.arch: 'amd64', os.version: '10.0', java.version: '17.0.2'
Driver info: driver.version: ChromeDriver
remote stacktrace: Backtrace:
Ordinal0 [0x0044ACD3+2075859]
Ordinal0 [0x003DEE61+1633889]
Ordinal0 [0x002DB7BD+571325]
Ordinal0 [0x002FDFCD+712653]
Ordinal0 [0x002F9266+692838]
Ordinal0 [0x002F6BE9+682985]
Ordinal0 [0x0032DBD3+908243]
Ordinal0 [0x0032D6AA+906922]
Ordinal0 [0x00327136+880950]
Ordinal0 [0x002FFEFD+720637]
Ordinal0 [0x00300F3F+724799]
GetHandleVerifier [0x006FEED2+2769538]
GetHandleVerifier [0x006F0D95+2711877]
GetHandleVerifier [0x004DA03A+521194]
GetHandleVerifier [0x004D8DA0+516432]
Ordinal0 [0x003E682C+1665068]
Ordinal0 [0x003EB128+1683752]
Ordinal0 [0x003EB215+1683989]
Ordinal0 [0x003F6484+1729668]
BaseThreadInitThunk [0x77B7FA29+25]
RtlGetAppContainerNamedObjectPath [0x77CC7C3E+286]
RtlGetAppContainerNamedObjectPath [0x77CC7C0E+238]

at org.openqa.selenium.remote.W3CHandshakeResponse.lambda$errorHandler$0(W3CHandshakeResponse.java:62)
at org.openqa.selenium.remote.HandshakeResponse.lambda$getResponseFunction$0(HandshakeResponse.java:30)
at org.openqa.selenium.remote.ProtocolHandshake.lambda$createSession$0(ProtocolHandshake.java:126)
at java.base/java.util.stream.ReferencePipeline$3$1.accept(ReferencePipeline.java:197)
at java.base/java.util.Spliterators$ArraySpliterator.tryAdvance(Spliterators.java:1002)
at java.base/java.util.stream.ReferencePipeline.forEachWithCancel(ReferencePipeline.java:129)
at java.base/java.util.stream.AbstractPipeline.copyIntoWithCancel(AbstractPipeline.java:527)
at java.base/java.util.stream.AbstractPipeline.copyInto(AbstractPipeline.java:513)
at java.base/java.util.stream.AbstractPipeline.wrapAndCopyInto(AbstractPipeline.java:499)
at java.base/java.util.stream.FindOps$FindOp.evaluateSequential(FindOps.java:150)
at java.base/java.util.stream.AbstractPipeline.evaluate(AbstractPipeline.java:234)
at java.base/java.util.stream.ReferencePipeline.findFirst(ReferencePipeline.java:647)
at org.openqa.selenium.remote.ProtocolHandshake.createSession(ProtocolHandshake.java:128)
at org.openqa.selenium.remote.ProtocolHandshake.createSession(ProtocolHandshake.java:74)
at org.openqa.selenium.remote.HttpCommandExecutor.execute(HttpCommandExecutor.java:136)
at org.openqa.selenium.remote.service.DriverCommandExecutor.execute(DriverCommandExecutor.java:83)
at org.openqa.selenium.remote.RemoteWebDriver.execute(RemoteWebDriver.java:552)
at org.openqa.selenium.remote.RemoteWebDriver.startSession(RemoteWebDriver.java:213)
at org.openqa.selenium.remote.RemoteWebDriver.<init>(RemoteWebDriver.java:131)
at org.openqa.selenium.chrome.ChromeDriver.<init>(ChromeDriver.java:181)
at org.openqa.selenium.chrome.ChromeDriver.<init>(ChromeDriver.java:168)
at org.openqa.selenium.chrome.ChromeDriver.<init>(ChromeDriver.java:123)
at utils.Drivers.getWebDriver(Drivers.java:92)
at utils.WebTestBase.setUp(WebTestBase.java:55)
at java.base/java.util.ArrayList.forEach(ArrayList.java:1511)
... Removed 30 stack frames]]>
    </failure>
  </testcase> <!-- @BeforeClass setUp -->
  <testcase classname="utils.WebTestBase" name="@BeforeMethod beforeMethod" time="-1.67464916439E9">
    <skipped/>
  </testcase> <!-- @BeforeMethod beforeMethod -->
  <testcase classname="utils.WebTestBase" name="@AfterMethod reportWrapUp" time="0.007">
    <failure type="java.lang.NullPointerException" message="Cannot invoke &amp;quot;org.openqa.selenium.TakesScreenshot.getScreenshotAs(org.openqa.selenium.OutputType)&amp;quot; because &amp;quot;utils.WebTestBase.driver&amp;quot; is null">
      <![CDATA[java.lang.NullPointerException: Cannot invoke "org.openqa.selenium.TakesScreenshot.getScreenshotAs(org.openqa.selenium.OutputType)" because "utils.WebTestBase.driver" is null
at utils.WebTestBase.reportWrapUp(WebTestBase.java:79)
at java.base/java.util.ArrayList.forEach(ArrayList.java:1511)
... Removed 32 stack frames]]>
    </failure>
  </testcase> <!-- @AfterMethod reportWrapUp -->
  <testcase classname="utils.WebTestBase" name="@BeforeClass setUp" time="1.148">
    <failure type="org.openqa.selenium.SessionNotCreatedException" message="session not created: This version of ChromeDriver only supports Chrome version 107
Current browser version is 109.0.5414.120 with binary path C:\Program Files\Google\Chrome\Application\chrome.exe
Build info: version: &amp;apos;3.141.59&amp;apos;, revision: &amp;apos;e82be7d358&amp;apos;, time: &amp;apos;2018-11-14T08:17:03&amp;apos;
System info: host: &amp;apos;COG-WIN-MAC03&amp;apos;, ip: &amp;apos;192.168.0.167&amp;apos;, os.name: &amp;apos;Windows 10&amp;apos;, os.arch: &amp;apos;amd64&amp;apos;, os.version: &amp;apos;10.0&amp;apos;, java.version: &amp;apos;17.0.2&amp;apos;
Driver info: driver.version: ChromeDriver
remote stacktrace: Backtrace:
	Ordinal0 [0x0044ACD3+2075859]
	Ordinal0 [0x003DEE61+1633889]
	Ordinal0 [0x002DB7BD+571325]
	Ordinal0 [0x002FDFCD+712653]
	Ordinal0 [0x002F9266+692838]
	Ordinal0 [0x002F6BE9+682985]
	Ordinal0 [0x0032DBD3+908243]
	Ordinal0 [0x0032D6AA+906922]
	Ordinal0 [0x00327136+880950]
	Ordinal0 [0x002FFEFD+720637]
	Ordinal0 [0x00300F3F+724799]
	GetHandleVerifier [0x006FEED2+2769538]
	GetHandleVerifier [0x006F0D95+2711877]
	GetHandleVerifier [0x004DA03A+521194]
	GetHandleVerifier [0x004D8DA0+516432]
	Ordinal0 [0x003E682C+1665068]
	Ordinal0 [0x003EB128+1683752]
	Ordinal0 [0x003EB215+1683989]
	Ordinal0 [0x003F6484+1729668]
	BaseThreadInitThunk [0x77B7FA29+25]
	RtlGetAppContainerNamedObjectPath [0x77CC7C3E+286]
	RtlGetAppContainerNamedObjectPath [0x77CC7C0E+238]
">
      <![CDATA[org.openqa.selenium.SessionNotCreatedException: session not created: This version of ChromeDriver only supports Chrome version 107
Current browser version is 109.0.5414.120 with binary path C:\Program Files\Google\Chrome\Application\chrome.exe
Build info: version: '3.141.59', revision: 'e82be7d358', time: '2018-11-14T08:17:03'
System info: host: 'COG-WIN-MAC03', ip: '192.168.0.167', os.name: 'Windows 10', os.arch: 'amd64', os.version: '10.0', java.version: '17.0.2'
Driver info: driver.version: ChromeDriver
remote stacktrace: Backtrace:
Ordinal0 [0x0044ACD3+2075859]
Ordinal0 [0x003DEE61+1633889]
Ordinal0 [0x002DB7BD+571325]
Ordinal0 [0x002FDFCD+712653]
Ordinal0 [0x002F9266+692838]
Ordinal0 [0x002F6BE9+682985]
Ordinal0 [0x0032DBD3+908243]
Ordinal0 [0x0032D6AA+906922]
Ordinal0 [0x00327136+880950]
Ordinal0 [0x002FFEFD+720637]
Ordinal0 [0x00300F3F+724799]
GetHandleVerifier [0x006FEED2+2769538]
GetHandleVerifier [0x006F0D95+2711877]
GetHandleVerifier [0x004DA03A+521194]
GetHandleVerifier [0x004D8DA0+516432]
Ordinal0 [0x003E682C+1665068]
Ordinal0 [0x003EB128+1683752]
Ordinal0 [0x003EB215+1683989]
Ordinal0 [0x003F6484+1729668]
BaseThreadInitThunk [0x77B7FA29+25]
RtlGetAppContainerNamedObjectPath [0x77CC7C3E+286]
RtlGetAppContainerNamedObjectPath [0x77CC7C0E+238]

at org.openqa.selenium.remote.W3CHandshakeResponse.lambda$errorHandler$0(W3CHandshakeResponse.java:62)
at org.openqa.selenium.remote.HandshakeResponse.lambda$getResponseFunction$0(HandshakeResponse.java:30)
at org.openqa.selenium.remote.ProtocolHandshake.lambda$createSession$0(ProtocolHandshake.java:126)
at java.base/java.util.stream.ReferencePipeline$3$1.accept(ReferencePipeline.java:197)
at java.base/java.util.Spliterators$ArraySpliterator.tryAdvance(Spliterators.java:1002)
at java.base/java.util.stream.ReferencePipeline.forEachWithCancel(ReferencePipeline.java:129)
at java.base/java.util.stream.AbstractPipeline.copyIntoWithCancel(AbstractPipeline.java:527)
at java.base/java.util.stream.AbstractPipeline.copyInto(AbstractPipeline.java:513)
at java.base/java.util.stream.AbstractPipeline.wrapAndCopyInto(AbstractPipeline.java:499)
at java.base/java.util.stream.FindOps$FindOp.evaluateSequential(FindOps.java:150)
at java.base/java.util.stream.AbstractPipeline.evaluate(AbstractPipeline.java:234)
at java.base/java.util.stream.ReferencePipeline.findFirst(ReferencePipeline.java:647)
at org.openqa.selenium.remote.ProtocolHandshake.createSession(ProtocolHandshake.java:128)
at org.openqa.selenium.remote.ProtocolHandshake.createSession(ProtocolHandshake.java:74)
at org.openqa.selenium.remote.HttpCommandExecutor.execute(HttpCommandExecutor.java:136)
at org.openqa.selenium.remote.service.DriverCommandExecutor.execute(DriverCommandExecutor.java:83)
at org.openqa.selenium.remote.RemoteWebDriver.execute(RemoteWebDriver.java:552)
at org.openqa.selenium.remote.RemoteWebDriver.startSession(RemoteWebDriver.java:213)
at org.openqa.selenium.remote.RemoteWebDriver.<init>(RemoteWebDriver.java:131)
at org.openqa.selenium.chrome.ChromeDriver.<init>(ChromeDriver.java:181)
at org.openqa.selenium.chrome.ChromeDriver.<init>(ChromeDriver.java:168)
at org.openqa.selenium.chrome.ChromeDriver.<init>(ChromeDriver.java:123)
at utils.Drivers.getWebDriver(Drivers.java:92)
at utils.WebTestBase.setUp(WebTestBase.java:55)
at java.base/java.util.ArrayList.forEach(ArrayList.java:1511)
... Removed 30 stack frames]]>
    </failure>
  </testcase> <!-- @BeforeClass setUp -->
  <testcase classname="utils.WebTestBase" name="@BeforeMethod beforeMethod" time="-1.674649165558E9">
    <skipped/>
  </testcase> <!-- @BeforeMethod beforeMethod -->
  <testcase classname="utils.WebTestBase" name="@AfterMethod reportWrapUp" time="0.001">
    <failure type="java.lang.NullPointerException" message="Cannot invoke &amp;quot;org.openqa.selenium.TakesScreenshot.getScreenshotAs(org.openqa.selenium.OutputType)&amp;quot; because &amp;quot;utils.WebTestBase.driver&amp;quot; is null">
      <![CDATA[java.lang.NullPointerException: Cannot invoke "org.openqa.selenium.TakesScreenshot.getScreenshotAs(org.openqa.selenium.OutputType)" because "utils.WebTestBase.driver" is null
at utils.WebTestBase.reportWrapUp(WebTestBase.java:79)
at java.base/java.util.ArrayList.forEach(ArrayList.java:1511)
... Removed 32 stack frames]]>
    </failure>
  </testcase> <!-- @AfterMethod reportWrapUp -->
  <testcase classname="utils.WebTestBase" name="@BeforeMethod beforeMethod" time="-1.67464916557E9">
    <skipped/>
  </testcase> <!-- @BeforeMethod beforeMethod -->
  <testcase classname="utils.WebTestBase" name="@AfterMethod reportWrapUp" time="0.001">
    <failure type="java.lang.NullPointerException" message="Cannot invoke &amp;quot;org.openqa.selenium.TakesScreenshot.getScreenshotAs(org.openqa.selenium.OutputType)&amp;quot; because &amp;quot;utils.WebTestBase.driver&amp;quot; is null">
      <![CDATA[java.lang.NullPointerException: Cannot invoke "org.openqa.selenium.TakesScreenshot.getScreenshotAs(org.openqa.selenium.OutputType)" because "utils.WebTestBase.driver" is null
at utils.WebTestBase.reportWrapUp(WebTestBase.java:79)
at java.base/java.util.ArrayList.forEach(ArrayList.java:1511)
... Removed 32 stack frames]]>
    </failure>
  </testcase> <!-- @AfterMethod reportWrapUp -->
  <testcase classname="utils.WebTestBase" name="@BeforeClass setUp" time="1.447">
    <failure type="org.openqa.selenium.SessionNotCreatedException" message="session not created: This version of ChromeDriver only supports Chrome version 107
Current browser version is 109.0.5414.120 with binary path C:\Program Files\Google\Chrome\Application\chrome.exe
Build info: version: &amp;apos;3.141.59&amp;apos;, revision: &amp;apos;e82be7d358&amp;apos;, time: &amp;apos;2018-11-14T08:17:03&amp;apos;
System info: host: &amp;apos;COG-WIN-MAC03&amp;apos;, ip: &amp;apos;192.168.0.167&amp;apos;, os.name: &amp;apos;Windows 10&amp;apos;, os.arch: &amp;apos;amd64&amp;apos;, os.version: &amp;apos;10.0&amp;apos;, java.version: &amp;apos;17.0.2&amp;apos;
Driver info: driver.version: ChromeDriver
remote stacktrace: Backtrace:
	Ordinal0 [0x0044ACD3+2075859]
	Ordinal0 [0x003DEE61+1633889]
	Ordinal0 [0x002DB7BD+571325]
	Ordinal0 [0x002FDFCD+712653]
	Ordinal0 [0x002F9266+692838]
	Ordinal0 [0x002F6BE9+682985]
	Ordinal0 [0x0032DBD3+908243]
	Ordinal0 [0x0032D6AA+906922]
	Ordinal0 [0x00327136+880950]
	Ordinal0 [0x002FFEFD+720637]
	Ordinal0 [0x00300F3F+724799]
	GetHandleVerifier [0x006FEED2+2769538]
	GetHandleVerifier [0x006F0D95+2711877]
	GetHandleVerifier [0x004DA03A+521194]
	GetHandleVerifier [0x004D8DA0+516432]
	Ordinal0 [0x003E682C+1665068]
	Ordinal0 [0x003EB128+1683752]
	Ordinal0 [0x003EB215+1683989]
	Ordinal0 [0x003F6484+1729668]
	BaseThreadInitThunk [0x77B7FA29+25]
	RtlGetAppContainerNamedObjectPath [0x77CC7C3E+286]
	RtlGetAppContainerNamedObjectPath [0x77CC7C0E+238]
">
      <![CDATA[org.openqa.selenium.SessionNotCreatedException: session not created: This version of ChromeDriver only supports Chrome version 107
Current browser version is 109.0.5414.120 with binary path C:\Program Files\Google\Chrome\Application\chrome.exe
Build info: version: '3.141.59', revision: 'e82be7d358', time: '2018-11-14T08:17:03'
System info: host: 'COG-WIN-MAC03', ip: '192.168.0.167', os.name: 'Windows 10', os.arch: 'amd64', os.version: '10.0', java.version: '17.0.2'
Driver info: driver.version: ChromeDriver
remote stacktrace: Backtrace:
Ordinal0 [0x0044ACD3+2075859]
Ordinal0 [0x003DEE61+1633889]
Ordinal0 [0x002DB7BD+571325]
Ordinal0 [0x002FDFCD+712653]
Ordinal0 [0x002F9266+692838]
Ordinal0 [0x002F6BE9+682985]
Ordinal0 [0x0032DBD3+908243]
Ordinal0 [0x0032D6AA+906922]
Ordinal0 [0x00327136+880950]
Ordinal0 [0x002FFEFD+720637]
Ordinal0 [0x00300F3F+724799]
GetHandleVerifier [0x006FEED2+2769538]
GetHandleVerifier [0x006F0D95+2711877]
GetHandleVerifier [0x004DA03A+521194]
GetHandleVerifier [0x004D8DA0+516432]
Ordinal0 [0x003E682C+1665068]
Ordinal0 [0x003EB128+1683752]
Ordinal0 [0x003EB215+1683989]
Ordinal0 [0x003F6484+1729668]
BaseThreadInitThunk [0x77B7FA29+25]
RtlGetAppContainerNamedObjectPath [0x77CC7C3E+286]
RtlGetAppContainerNamedObjectPath [0x77CC7C0E+238]

at org.openqa.selenium.remote.W3CHandshakeResponse.lambda$errorHandler$0(W3CHandshakeResponse.java:62)
at org.openqa.selenium.remote.HandshakeResponse.lambda$getResponseFunction$0(HandshakeResponse.java:30)
at org.openqa.selenium.remote.ProtocolHandshake.lambda$createSession$0(ProtocolHandshake.java:126)
at java.base/java.util.stream.ReferencePipeline$3$1.accept(ReferencePipeline.java:197)
at java.base/java.util.Spliterators$ArraySpliterator.tryAdvance(Spliterators.java:1002)
at java.base/java.util.stream.ReferencePipeline.forEachWithCancel(ReferencePipeline.java:129)
at java.base/java.util.stream.AbstractPipeline.copyIntoWithCancel(AbstractPipeline.java:527)
at java.base/java.util.stream.AbstractPipeline.copyInto(AbstractPipeline.java:513)
at java.base/java.util.stream.AbstractPipeline.wrapAndCopyInto(AbstractPipeline.java:499)
at java.base/java.util.stream.FindOps$FindOp.evaluateSequential(FindOps.java:150)
at java.base/java.util.stream.AbstractPipeline.evaluate(AbstractPipeline.java:234)
at java.base/java.util.stream.ReferencePipeline.findFirst(ReferencePipeline.java:647)
at org.openqa.selenium.remote.ProtocolHandshake.createSession(ProtocolHandshake.java:128)
at org.openqa.selenium.remote.ProtocolHandshake.createSession(ProtocolHandshake.java:74)
at org.openqa.selenium.remote.HttpCommandExecutor.execute(HttpCommandExecutor.java:136)
at org.openqa.selenium.remote.service.DriverCommandExecutor.execute(DriverCommandExecutor.java:83)
at org.openqa.selenium.remote.RemoteWebDriver.execute(RemoteWebDriver.java:552)
at org.openqa.selenium.remote.RemoteWebDriver.startSession(RemoteWebDriver.java:213)
at org.openqa.selenium.remote.RemoteWebDriver.<init>(RemoteWebDriver.java:131)
at org.openqa.selenium.chrome.ChromeDriver.<init>(ChromeDriver.java:181)
at org.openqa.selenium.chrome.ChromeDriver.<init>(ChromeDriver.java:168)
at org.openqa.selenium.chrome.ChromeDriver.<init>(ChromeDriver.java:123)
at utils.Drivers.getWebDriver(Drivers.java:92)
at utils.WebTestBase.setUp(WebTestBase.java:55)
at java.base/java.util.ArrayList.forEach(ArrayList.java:1511)
... Removed 30 stack frames]]>
    </failure>
  </testcase> <!-- @BeforeClass setUp -->
  <testcase classname="utils.WebTestBase" name="@BeforeMethod beforeMethod" time="-1.67464916703E9">
    <skipped/>
  </testcase> <!-- @BeforeMethod beforeMethod -->
  <testcase classname="utils.WebTestBase" name="@AfterMethod reportWrapUp" time="0.001">
    <failure type="java.lang.NullPointerException" message="Cannot invoke &amp;quot;org.openqa.selenium.TakesScreenshot.getScreenshotAs(org.openqa.selenium.OutputType)&amp;quot; because &amp;quot;utils.WebTestBase.driver&amp;quot; is null">
      <![CDATA[java.lang.NullPointerException: Cannot invoke "org.openqa.selenium.TakesScreenshot.getScreenshotAs(org.openqa.selenium.OutputType)" because "utils.WebTestBase.driver" is null
at utils.WebTestBase.reportWrapUp(WebTestBase.java:79)
at java.base/java.util.ArrayList.forEach(ArrayList.java:1511)
... Removed 32 stack frames]]>
    </failure>
  </testcase> <!-- @AfterMethod reportWrapUp -->
  <testcase classname="utils.WebTestBase" name="@BeforeClass setUp" time="1.118">
    <failure type="org.openqa.selenium.SessionNotCreatedException" message="session not created: This version of ChromeDriver only supports Chrome version 107
Current browser version is 109.0.5414.120 with binary path C:\Program Files\Google\Chrome\Application\chrome.exe
Build info: version: &amp;apos;3.141.59&amp;apos;, revision: &amp;apos;e82be7d358&amp;apos;, time: &amp;apos;2018-11-14T08:17:03&amp;apos;
System info: host: &amp;apos;COG-WIN-MAC03&amp;apos;, ip: &amp;apos;192.168.0.167&amp;apos;, os.name: &amp;apos;Windows 10&amp;apos;, os.arch: &amp;apos;amd64&amp;apos;, os.version: &amp;apos;10.0&amp;apos;, java.version: &amp;apos;17.0.2&amp;apos;
Driver info: driver.version: ChromeDriver
remote stacktrace: Backtrace:
	Ordinal0 [0x0044ACD3+2075859]
	Ordinal0 [0x003DEE61+1633889]
	Ordinal0 [0x002DB7BD+571325]
	Ordinal0 [0x002FDFCD+712653]
	Ordinal0 [0x002F9266+692838]
	Ordinal0 [0x002F6BE9+682985]
	Ordinal0 [0x0032DBD3+908243]
	Ordinal0 [0x0032D6AA+906922]
	Ordinal0 [0x00327136+880950]
	Ordinal0 [0x002FFEFD+720637]
	Ordinal0 [0x00300F3F+724799]
	GetHandleVerifier [0x006FEED2+2769538]
	GetHandleVerifier [0x006F0D95+2711877]
	GetHandleVerifier [0x004DA03A+521194]
	GetHandleVerifier [0x004D8DA0+516432]
	Ordinal0 [0x003E682C+1665068]
	Ordinal0 [0x003EB128+1683752]
	Ordinal0 [0x003EB215+1683989]
	Ordinal0 [0x003F6484+1729668]
	BaseThreadInitThunk [0x77B7FA29+25]
	RtlGetAppContainerNamedObjectPath [0x77CC7C3E+286]
	RtlGetAppContainerNamedObjectPath [0x77CC7C0E+238]
">
      <![CDATA[org.openqa.selenium.SessionNotCreatedException: session not created: This version of ChromeDriver only supports Chrome version 107
Current browser version is 109.0.5414.120 with binary path C:\Program Files\Google\Chrome\Application\chrome.exe
Build info: version: '3.141.59', revision: 'e82be7d358', time: '2018-11-14T08:17:03'
System info: host: 'COG-WIN-MAC03', ip: '192.168.0.167', os.name: 'Windows 10', os.arch: 'amd64', os.version: '10.0', java.version: '17.0.2'
Driver info: driver.version: ChromeDriver
remote stacktrace: Backtrace:
Ordinal0 [0x0044ACD3+2075859]
Ordinal0 [0x003DEE61+1633889]
Ordinal0 [0x002DB7BD+571325]
Ordinal0 [0x002FDFCD+712653]
Ordinal0 [0x002F9266+692838]
Ordinal0 [0x002F6BE9+682985]
Ordinal0 [0x0032DBD3+908243]
Ordinal0 [0x0032D6AA+906922]
Ordinal0 [0x00327136+880950]
Ordinal0 [0x002FFEFD+720637]
Ordinal0 [0x00300F3F+724799]
GetHandleVerifier [0x006FEED2+2769538]
GetHandleVerifier [0x006F0D95+2711877]
GetHandleVerifier [0x004DA03A+521194]
GetHandleVerifier [0x004D8DA0+516432]
Ordinal0 [0x003E682C+1665068]
Ordinal0 [0x003EB128+1683752]
Ordinal0 [0x003EB215+1683989]
Ordinal0 [0x003F6484+1729668]
BaseThreadInitThunk [0x77B7FA29+25]
RtlGetAppContainerNamedObjectPath [0x77CC7C3E+286]
RtlGetAppContainerNamedObjectPath [0x77CC7C0E+238]

at org.openqa.selenium.remote.W3CHandshakeResponse.lambda$errorHandler$0(W3CHandshakeResponse.java:62)
at org.openqa.selenium.remote.HandshakeResponse.lambda$getResponseFunction$0(HandshakeResponse.java:30)
at org.openqa.selenium.remote.ProtocolHandshake.lambda$createSession$0(ProtocolHandshake.java:126)
at java.base/java.util.stream.ReferencePipeline$3$1.accept(ReferencePipeline.java:197)
at java.base/java.util.Spliterators$ArraySpliterator.tryAdvance(Spliterators.java:1002)
at java.base/java.util.stream.ReferencePipeline.forEachWithCancel(ReferencePipeline.java:129)
at java.base/java.util.stream.AbstractPipeline.copyIntoWithCancel(AbstractPipeline.java:527)
at java.base/java.util.stream.AbstractPipeline.copyInto(AbstractPipeline.java:513)
at java.base/java.util.stream.AbstractPipeline.wrapAndCopyInto(AbstractPipeline.java:499)
at java.base/java.util.stream.FindOps$FindOp.evaluateSequential(FindOps.java:150)
at java.base/java.util.stream.AbstractPipeline.evaluate(AbstractPipeline.java:234)
at java.base/java.util.stream.ReferencePipeline.findFirst(ReferencePipeline.java:647)
at org.openqa.selenium.remote.ProtocolHandshake.createSession(ProtocolHandshake.java:128)
at org.openqa.selenium.remote.ProtocolHandshake.createSession(ProtocolHandshake.java:74)
at org.openqa.selenium.remote.HttpCommandExecutor.execute(HttpCommandExecutor.java:136)
at org.openqa.selenium.remote.service.DriverCommandExecutor.execute(DriverCommandExecutor.java:83)
at org.openqa.selenium.remote.RemoteWebDriver.execute(RemoteWebDriver.java:552)
at org.openqa.selenium.remote.RemoteWebDriver.startSession(RemoteWebDriver.java:213)
at org.openqa.selenium.remote.RemoteWebDriver.<init>(RemoteWebDriver.java:131)
at org.openqa.selenium.chrome.ChromeDriver.<init>(ChromeDriver.java:181)
at org.openqa.selenium.chrome.ChromeDriver.<init>(ChromeDriver.java:168)
at org.openqa.selenium.chrome.ChromeDriver.<init>(ChromeDriver.java:123)
at utils.Drivers.getWebDriver(Drivers.java:92)
at utils.WebTestBase.setUp(WebTestBase.java:55)
at java.base/java.util.ArrayList.forEach(ArrayList.java:1511)
... Removed 30 stack frames]]>
    </failure>
  </testcase> <!-- @BeforeClass setUp -->
  <testcase classname="utils.WebTestBase" name="@BeforeMethod beforeMethod" time="-1.674649168159E9">
    <skipped/>
  </testcase> <!-- @BeforeMethod beforeMethod -->
  <testcase classname="utils.WebTestBase" name="@AfterMethod reportWrapUp" time="0.001">
    <failure type="java.lang.NullPointerException" message="Cannot invoke &amp;quot;org.openqa.selenium.TakesScreenshot.getScreenshotAs(org.openqa.selenium.OutputType)&amp;quot; because &amp;quot;utils.WebTestBase.driver&amp;quot; is null">
      <![CDATA[java.lang.NullPointerException: Cannot invoke "org.openqa.selenium.TakesScreenshot.getScreenshotAs(org.openqa.selenium.OutputType)" because "utils.WebTestBase.driver" is null
at utils.WebTestBase.reportWrapUp(WebTestBase.java:79)
at java.base/java.util.ArrayList.forEach(ArrayList.java:1511)
... Removed 32 stack frames]]>
    </failure>
  </testcase> <!-- @AfterMethod reportWrapUp -->
  <testcase classname="utils.WebTestBase" name="@BeforeMethod beforeMethod" time="-1.674649168167E9">
    <skipped/>
  </testcase> <!-- @BeforeMethod beforeMethod -->
  <testcase classname="utils.WebTestBase" name="@AfterMethod reportWrapUp" time="0.001">
    <failure type="java.lang.NullPointerException" message="Cannot invoke &amp;quot;org.openqa.selenium.TakesScreenshot.getScreenshotAs(org.openqa.selenium.OutputType)&amp;quot; because &amp;quot;utils.WebTestBase.driver&amp;quot; is null">
      <![CDATA[java.lang.NullPointerException: Cannot invoke "org.openqa.selenium.TakesScreenshot.getScreenshotAs(org.openqa.selenium.OutputType)" because "utils.WebTestBase.driver" is null
at utils.WebTestBase.reportWrapUp(WebTestBase.java:79)
at java.base/java.util.ArrayList.forEach(ArrayList.java:1511)
... Removed 32 stack frames]]>
    </failure>
  </testcase> <!-- @AfterMethod reportWrapUp -->
  <testcase classname="testcases.AddExpenseLimitTest" name="addExpenseLimit" time="0.0">
    <skipped/>
  </testcase> <!-- addExpenseLimit -->
  <testcase classname="testcases.BulkUploadTest" name="verifyBulkUploadValidation" time="0.0">
    <skipped/>
  </testcase> <!-- verifyBulkUploadValidation -->
  <testcase classname="testcases.BulkUploadTest" name="verifyExpenseFileUpload" time="0.0">
    <skipped/>
  </testcase> <!-- verifyExpenseFileUpload -->
  <testcase classname="testcases.ExpenseApprovalTest" name="verifyExpenseApproveFunctionality" time="0.0">
    <skipped/>
  </testcase> <!-- verifyExpenseApproveFunctionality -->
  <testcase classname="testcases.ExpenseApprovalTest" name="verifyExpenseRejectFunctionality" time="0.0">
    <skipped/>
  </testcase> <!-- verifyExpenseRejectFunctionality -->
  <testcase classname="testcases.ExpenseListingTest" name="verifyEditExpenseFunctionality" time="0.001">
    <skipped/>
  </testcase> <!-- verifyEditExpenseFunctionality -->
  <testcase classname="testcases.ExpenseListingTest" name="verifySearchFunctionality" time="0.0">
    <skipped/>
  </testcase> <!-- verifySearchFunctionality -->
  <testcase classname="testcases.ExpenseOverLimitTest" name="verifyOverLimitReport" time="0.0">
    <skipped/>
  </testcase> <!-- verifyOverLimitReport -->
  <testcase classname="testcases.ExpenseReportTest" name="verifyExpenseReport" time="0.0">
    <skipped/>
  </testcase> <!-- verifyExpenseReport -->
  <testcase classname="testcases.ManageExpenseTest" name="addExpenseWithSaveAsDraft" time="0.0">
    <skipped/>
  </testcase> <!-- addExpenseWithSaveAsDraft -->
  <testcase classname="testcases.ManageExpenseTest" name="addExpenseWithSubmitForApproval" time="0.0">
    <skipped/>
  </testcase> <!-- addExpenseWithSubmitForApproval -->
  <testcase classname="testcases.ProjectListingTest" name="addProjectWithDefaultTemplate" time="0.0">
    <skipped/>
  </testcase> <!-- addProjectWithDefaultTemplate -->
  <testcase classname="testcases.ReimbursementsTest" name="verifyReimbursementReportWithCompany" time="0.0">
    <skipped/>
  </testcase> <!-- verifyReimbursementReportWithCompany -->
  <testcase classname="testcases.ReimbursementsTest" name="verifyReimbursementReportWithClient" time="0.0">
    <skipped/>
  </testcase> <!-- verifyReimbursementReportWithClient -->
  <testcase classname="utils.WebTestBase" name="@AfterSuite close" time="0.0">
    <ignored/>
  </testcase> <!-- @AfterSuite close -->
  <testcase classname="utils.WebTestBase" name="@AfterSuite close" time="0.0">
    <ignored/>
  </testcase> <!-- @AfterSuite close -->
  <testcase classname="utils.WebTestBase" name="@AfterSuite close" time="0.0">
    <ignored/>
  </testcase> <!-- @AfterSuite close -->
  <testcase classname="utils.WebTestBase" name="@AfterSuite close" time="0.0">
    <ignored/>
  </testcase> <!-- @AfterSuite close -->
  <testcase classname="utils.WebTestBase" name="@AfterSuite close" time="0.0">
    <ignored/>
  </testcase> <!-- @AfterSuite close -->
  <testcase classname="utils.WebTestBase" name="@AfterSuite close" time="0.0">
    <ignored/>
  </testcase> <!-- @AfterSuite close -->
  <testcase classname="utils.WebTestBase" name="@AfterSuite close" time="0.0">
    <ignored/>
  </testcase> <!-- @AfterSuite close -->
  <testcase classname="utils.WebTestBase" name="@AfterSuite close" time="0.0">
    <ignored/>
  </testcase> <!-- @AfterSuite close -->
</testsuite> <!-- Test -->
