<?xml version="1.0" encoding="UTF-8"?>
<!-- Generated by org.testng.reporters.JUnitXMLReporter -->
<testsuite ignored="8" hostname="COG-WIN-MAC03" failures="2" tests="14" name="Test" time="3115.389" errors="0" timestamp="2022-11-11T15:30:34 IST">
  <testcase classname="testcases.AddExpenseLimitTest" name="addExpenseLimit" time="136.549"/>
  <testcase classname="testcases.ManageExpenseTest" name="addExpenseWithSaveAsDraft" time="207.042"/>
  <testcase classname="testcases.ManageExpenseTest" name="addExpenseWithSubmitForApproval" time="107.772"/>
  <testcase classname="testcases.ExpenseApprovalTest" name="verifyExpenseApproveFunctionality" time="318.172"/>
  <testcase classname="testcases.ExpenseApprovalTest" name="verifyExpenseRejectFunctionality" time="368.694"/>
  <testcase classname="testcases.ExpenseReportTest" name="verifyExpenseReport" time="524.22"/>
  <testcase classname="testcases.ExpenseListingTest" name="verifyEditExpenseFunctionality" time="252.184"/>
  <testcase classname="testcases.ExpenseListingTest" name="verifySearchFunctionality" time="103.885"/>
  <testcase classname="testcases.ReimbursementsTest" name="verifyReimbursementReportWithCompany" time="47.771">
    <failure type="java.lang.AssertionError" message="Select default template -  element not present">
      <![CDATA[java.lang.AssertionError: Select default template -  element not present
at utils.WebBasePage.clickByJavascript(WebBasePage.java:271)
at pageobjects.ProjectListingPage.selectDefaultTemplate(ProjectListingPage.java:91)
at action.ProjectListingAction.addProject(ProjectListingAction.java:32)
at testcases.ReimbursementsTest.verifyReimbursementReportWithCompany(ReimbursementsTest.java:25)
at java.base/java.util.ArrayList.forEach(ArrayList.java:1511)
... Removed 28 stack frames]]>
    </failure>
  </testcase> <!-- verifyReimbursementReportWithCompany -->
  <testcase classname="testcases.ReimbursementsTest" name="verifyReimbursementReportWithClient" time="127.733"/>
  <testcase classname="testcases.ProjectListingTest" name="addProjectWithDefaultTemplate" time="197.583"/>
  <testcase classname="testcases.ExpenseOverLimitTest" name="verifyOverLimitReport" time="383.885"/>
  <testcase classname="testcases.BulkUploadTest" name="verifyBulkUploadValidation" time="38.082"/>
  <testcase classname="testcases.BulkUploadTest" name="verifyExpenseFileUpload" time="106.568">
    <failure type="java.lang.AssertionError" message="select trip from excel -  element not present">
      <![CDATA[java.lang.AssertionError: select trip from excel -  element not present
at utils.WebBasePage.selectValueWithText(WebBasePage.java:229)
at pageobjects.BulkUploadPage.selectTripFromExcel(BulkUploadPage.java:337)
at pageobjects.BulkUploadPage.readExcelFile(BulkUploadPage.java:251)
at action.BulkUploadAction.excelFile(BulkUploadAction.java:66)
at testcases.BulkUploadTest.verifyExpenseFileUpload(BulkUploadTest.java:30)
at java.base/java.util.ArrayList.forEach(ArrayList.java:1511)
... Removed 28 stack frames]]>
    </failure>
  </testcase> <!-- verifyExpenseFileUpload -->
  <testcase classname="utils.WebTestBase" name="@AfterSuite close" time="0.0">
    <ignored/>
  </testcase> <!-- @AfterSuite close -->
  <testcase classname="utils.WebTestBase" name="@AfterSuite close" time="0.0">
    <ignored/>
  </testcase> <!-- @AfterSuite close -->
  <testcase classname="utils.WebTestBase" name="@AfterSuite close" time="0.0">
    <ignored/>
  </testcase> <!-- @AfterSuite close -->
  <testcase classname="utils.WebTestBase" name="@AfterSuite close" time="0.0">
    <ignored/>
  </testcase> <!-- @AfterSuite close -->
  <testcase classname="utils.WebTestBase" name="@AfterSuite close" time="0.0">
    <ignored/>
  </testcase> <!-- @AfterSuite close -->
  <testcase classname="utils.WebTestBase" name="@AfterSuite close" time="0.0">
    <ignored/>
  </testcase> <!-- @AfterSuite close -->
  <testcase classname="utils.WebTestBase" name="@AfterSuite close" time="0.0">
    <ignored/>
  </testcase> <!-- @AfterSuite close -->
  <testcase classname="utils.WebTestBase" name="@AfterSuite close" time="0.0">
    <ignored/>
  </testcase> <!-- @AfterSuite close -->
</testsuite> <!-- Test -->
