<?xml version="1.0" encoding="UTF-8"?>
<testng-results ignored="1" total="2" passed="1" failed="0" skipped="0">
  <reporter-output>
  </reporter-output>
  <suite started-at="2022-11-11T15:38:32 IST" name="Default suite" finished-at="2022-11-11T15:46:46 IST" duration-ms="494049">
    <groups>
    </groups>
    <test started-at="2022-11-11T15:38:32 IST" name="Default test" finished-at="2022-11-11T15:46:46 IST" duration-ms="494049">
      <class name="testcases.ReimbursementsTest">
        <test-method is-config="true" signature="setUp()[pri:0, instance:testcases.ReimbursementsTest@3911c2a7]" started-at="2022-11-11T15:38:32 IST" name="setUp" finished-at="2022-11-11T15:38:52 IST" duration-ms="20407" status="PASS">
          <reporter-output>
          </reporter-output>
        </test-method> <!-- setUp -->
        <test-method is-config="true" signature="beforeMethod(java.lang.reflect.Method)[pri:0, instance:testcases.ReimbursementsTest@3911c2a7]" started-at="2022-11-11T15:38:52 IST" name="beforeMethod" finished-at="2022-11-11T15:38:54 IST" duration-ms="1664" status="PASS">
          <params>
            <param index="0">
              <value>
                <![CDATA[public void testcases.ReimbursementsTest.verifyReimbursementReportWithCompany()]]>
              </value>
            </param>
          </params>
          <reporter-output>
          </reporter-output>
        </test-method> <!-- beforeMethod -->
        <test-method signature="verifyReimbursementReportWithCompany()[pri:0, instance:testcases.ReimbursementsTest@3911c2a7]" started-at="2022-11-11T15:38:54 IST" name="verifyReimbursementReportWithCompany" finished-at="2022-11-11T15:46:46 IST" duration-ms="471833" status="PASS">
          <reporter-output>
          </reporter-output>
        </test-method> <!-- verifyReimbursementReportWithCompany -->
        <test-method is-config="true" signature="reportWrapUp(org.testng.ITestResult,java.lang.reflect.Method)[pri:0, instance:testcases.ReimbursementsTest@3911c2a7]" started-at="2022-11-11T15:46:46 IST" name="reportWrapUp" finished-at="2022-11-11T15:46:46 IST" duration-ms="4" status="PASS">
          <params>
            <param index="0">
              <value>
                <![CDATA[[TestResult name=verifyReimbursementReportWithCompany status=SUCCESS method=ReimbursementsTest.verifyReimbursementReportWithCompany()[pri:0, instance:testcases.ReimbursementsTest@3911c2a7] output={null}]]]>
              </value>
            </param>
            <param index="1">
              <value>
                <![CDATA[public void testcases.ReimbursementsTest.verifyReimbursementReportWithCompany()]]>
              </value>
            </param>
          </params>
          <reporter-output>
          </reporter-output>
        </test-method> <!-- reportWrapUp -->
        <test-method is-config="true" signature="close()[pri:0, instance:testcases.ReimbursementsTest@3911c2a7]" started-at="2022-11-11T15:46:46 IST" name="close" finished-at="2022-11-11T15:46:47 IST" duration-ms="1011" status="PASS">
          <reporter-output>
          </reporter-output>
        </test-method> <!-- close -->
      </class> <!-- testcases.ReimbursementsTest -->
    </test> <!-- Default test -->
  </suite> <!-- Default suite -->
</testng-results>
