<?xml version="1.0" encoding="UTF-8"?>
<!-- Generated by org.testng.reporters.JUnitXMLReporter -->
<testsuite ignored="1" hostname="COG-WIN-MAC03" failures="0" tests="1" name="Default test" time="494.049" errors="0" timestamp="2022-11-11T15:46:46 IST">
  <testcase classname="testcases.ReimbursementsTest" name="verifyReimbursementReportWithCompany" time="471.833"/>
  <testcase classname="testcases.ReimbursementsTest" name="verifyReimbursementReportWithClient" time="0.0">
    <ignored/>
  </testcase> <!-- verifyReimbursementReportWithClient -->
</testsuite> <!-- Default test -->
